app/build/outputs/logs/manifest-merger-debug-report.txt
-- Merging decision tree log ---
manifest
ADDED from src\main\AndroidManifest.xml:2:1-56:12
	package
		ADDED from src\main\AndroidManifest.xml:3:5-42
	android:versionName
		INJECTED from src\main\AndroidManifest.xml
		INJECTED from src\main\AndroidManifest.xml
	xmlns:android
		ADDED from src\main\AndroidManifest.xml:2:11-69
	android:versionCode
		INJECTED from src\main\AndroidManifest.xml
		INJECTED from src\main\AndroidManifest.xml
application
ADDED from src\main\AndroidManifest.xml:5:5-54:19
MERGED from [com.ashokvarma.android:bottom-navigation-bar:1.3.1] AndroidManifest.xml:11:5-13:38
MERGED from [HappilyEverAfter.Modules:UserCenter:unspecified] AndroidManifest.xml:12:5-14:19
MERGED from [com.simple.happy:CommonLibrary:1.0.0] AndroidManifest.xml:11:5-15:19
MERGED from [com.android.support:design:25.2.0] AndroidManifest.xml:25:5-20
MERGED from [com.android.support:transition:25.2.0] AndroidManifest.xml:22:5-20
MERGED from [com.android.support:cardview-v7:25.2.0] AndroidManifest.xml:22:5-20
MERGED from [me.yokeyword:fragmentation:0.10.3] AndroidManifest.xml:9:5-20
MERGED from [me.yokeyword:fragmentation-swipeback:0.7.9] AndroidManifest.xml:9:5-12:19
MERGED from [com.tbruyelle.rxpermissions:rxpermissions:0.7.0] AndroidManifest.xml:10:5-15:19
MERGED from [com.android.support:appcompat-v7:25.2.0] AndroidManifest.xml:25:5-20
MERGED from [com.android.support:support-v4:25.2.0] AndroidManifest.xml:25:5-20
MERGED from [com.android.support:support-fragment:25.2.0] AndroidManifest.xml:25:5-20
MERGED from [com.android.support:support-media-compat:25.2.0] AndroidManifest.xml:25:5-20
MERGED from [com.android.support:support-core-ui:25.2.0] AndroidManifest.xml:25:5-20
MERGED from [com.android.support:support-core-utils:25.2.0] AndroidManifest.xml:25:5-20
MERGED from [com.android.support:animated-vector-drawable:25.2.0] AndroidManifest.xml:22:5-20
MERGED from [com.android.support:support-vector-drawable:25.2.0] AndroidManifest.xml:23:5-20
MERGED from [com.android.support:support-compat:25.2.0] AndroidManifest.xml:25:5-20
MERGED from [org.litepal.android:core:1.2.0] AndroidManifest.xml:11:5-14:19
	android:label
		ADDED from src\main\AndroidManifest.xml:9:9-41
	android:supportsRtl
		ADDED from src\main\AndroidManifest.xml:10:9-35
	android:allowBackup
		ADDED from src\main\AndroidManifest.xml:7:9-35
	android:icon
		ADDED from src\main\AndroidManifest.xml:8:9-43
	android:theme
		ADDED from src\main\AndroidManifest.xml:11:9-40
	android:name
		ADDED from src\main\AndroidManifest.xml:6:9-42
activity#com.simple.happilyeverafter.arouter.SchameFilterActivity
ADDED from src\main\AndroidManifest.xml:13:9-40:20
	android:name
		ADDED from src\main\AndroidManifest.xml:13:19-63
intent-filter#android.intent.action.VIEW+android.intent.category.BROWSABLE+android.intent.category.DEFAULT
ADDED from src\main\AndroidManifest.xml:15:13-24:29
data
ADDED from src\main\AndroidManifest.xml:16:17-18:48
	android:host
		ADDED from src\main\AndroidManifest.xml:17:21-48
	android:scheme
		ADDED from src\main\AndroidManifest.xml:18:21-45
action#android.intent.action.VIEW
ADDED from src\main\AndroidManifest.xml:20:17-69
	android:name
		ADDED from src\main\AndroidManifest.xml:20:25-66
category#android.intent.category.DEFAULT
ADDED from src\main\AndroidManifest.xml:22:17-76
	android:name
		ADDED from src\main\AndroidManifest.xml:22:27-73
category#android.intent.category.BROWSABLE
ADDED from src\main\AndroidManifest.xml:23:17-78
	android:name
		ADDED from src\main\AndroidManifest.xml:23:27-75
activity#com.simple.happilyeverafter.EntryActivity
ADDED from src\main\AndroidManifest.xml:42:9-47:20
	android:name
		ADDED from src\main\AndroidManifest.xml:42:19-48
intent-filter#android.intent.action.MAIN+android.intent.category.LAUNCHER
ADDED from src\main\AndroidManifest.xml:43:13-46:29
action#android.intent.action.MAIN
ADDED from src\main\AndroidManifest.xml:44:17-69
	android:name
		ADDED from src\main\AndroidManifest.xml:44:25-66
category#android.intent.category.LAUNCHER
ADDED from src\main\AndroidManifest.xml:45:17-77
	android:name
		ADDED from src\main\AndroidManifest.xml:45:27-74
activity#com.simple.happilyeverafter.TestActivity
ADDED from src\main\AndroidManifest.xml:49:9-59
	android:name
		ADDED from src\main\AndroidManifest.xml:49:19-47
activity#com.simple.happilyeverafter.test.XXX.main.MainActivity
ADDED from src\main\AndroidManifest.xml:51:9-53:20
	android:name
		ADDED from src\main\AndroidManifest.xml:51:19-61
uses-sdk
INJECTED from src\main\AndroidManifest.xml reason: use-sdk injection requested
MERGED from [com.ashokvarma.android:bottom-navigation-bar:1.3.1] AndroidManifest.xml:7:5-9:41
MERGED from [HappilyEverAfter.Modules:UserCenter:unspecified] AndroidManifest.xml:7:5-9:41
MERGED from [com.simple.happy:CommonLibrary:1.0.0] AndroidManifest.xml:7:5-9:41
MERGED from [com.android.support:design:25.2.0] AndroidManifest.xml:21:5-23:62
MERGED from [com.android.support:transition:25.2.0] AndroidManifest.xml:20:5-44
MERGED from [com.android.support:cardview-v7:25.2.0] AndroidManifest.xml:20:5-43
MERGED from [com.android.support:recyclerview-v7:25.2.0] AndroidManifest.xml:20:5-43
MERGED from [com.alibaba:arouter-api:1.2.1] AndroidManifest.xml:6:5-8:41
MERGED from [me.yokeyword:fragmentation:0.10.3] AndroidManifest.xml:5:5-7:41
MERGED from [me.yokeyword:fragmentation-swipeback:0.7.9] AndroidManifest.xml:5:5-7:41
MERGED from [com.jakewharton:butterknife:8.5.1] AndroidManifest.xml:5:5-43
MERGED from [com.tbruyelle.rxpermissions:rxpermissions:0.7.0] AndroidManifest.xml:6:5-8:41
MERGED from [com.trello:rxlifecycle-components:0.7.0] AndroidManifest.xml:17:5-44
MERGED from [com.trello:rxlifecycle-android:0.7.0] AndroidManifest.xml:17:5-44
MERGED from [com.jakewharton.rxbinding:rxbinding:0.4.0] AndroidManifest.xml:6:5-44
MERGED from [io.reactivex:rxandroid:1.1.0] AndroidManifest.xml:19:5-43
MERGED from [com.android.support:appcompat-v7:25.2.0] AndroidManifest.xml:21:5-23:78
MERGED from [com.android.support:support-v4:25.2.0] AndroidManifest.xml:21:5-23:54
MERGED from [com.android.support:support-fragment:25.2.0] AndroidManifest.xml:21:5-23:60
MERGED from [com.android.support:support-media-compat:25.2.0] AndroidManifest.xml:21:5-23:63
MERGED from [com.android.support:support-core-ui:25.2.0] AndroidManifest.xml:21:5-23:58
MERGED from [com.android.support:support-core-utils:25.2.0] AndroidManifest.xml:21:5-23:61
MERGED from [com.android.support:animated-vector-drawable:25.2.0] AndroidManifest.xml:20:5-44
MERGED from [com.android.support:support-vector-drawable:25.2.0] AndroidManifest.xml:21:5-43
MERGED from [com.android.support:support-compat:25.2.0] AndroidManifest.xml:21:5-23:58
MERGED from [org.litepal.android:core:1.2.0] AndroidManifest.xml:7:5-9:41
MERGED from [jp.wasabeef:glide-transformations:2.0.1] AndroidManifest.xml:8:5-10:41
MERGED from [com.android.support:multidex:1.0.1] AndroidManifest.xml:18:5-42
	tools:overrideLibrary
		ADDED from [com.android.support:design:25.2.0] AndroidManifest.xml:23:9-59
	android:targetSdkVersion
		INJECTED from src\main\AndroidManifest.xml
		INJECTED from src\main\AndroidManifest.xml
	android:minSdkVersion
		INJECTED from src\main\AndroidManifest.xml
		INJECTED from src\main\AndroidManifest.xml
activity#debug.TestEntryActivity
ADDED from [HappilyEverAfter.Modules:UserCenter:unspecified] AndroidManifest.xml:13:9-60
	android:name
		ADDED from [HappilyEverAfter.Modules:UserCenter:unspecified] AndroidManifest.xml:13:19-57
activity#com.tbruyelle.rxpermissions.ShadowActivity
ADDED from [com.tbruyelle.rxpermissions:rxpermissions:0.7.0] AndroidManifest.xml:11:9-14:75
	android:launchMode
		ADDED from [com.tbruyelle.rxpermissions:rxpermissions:0.7.0] AndroidManifest.xml:13:13-43
	android:theme
		ADDED from [com.tbruyelle.rxpermissions:rxpermissions:0.7.0] AndroidManifest.xml:14:13-72
	android:name
		ADDED from [com.tbruyelle.rxpermissions:rxpermissions:0.7.0] AndroidManifest.xml:12:13-70